0 info it worked if it ends with ok
1 verbose cli [ 'node', '/usr/local/bin/npm', 'install', '-g', 'jasmine' ]
2 info using npm@2.7.4
3 info using node@v0.12.2
4 silly cache add args [ 'jasmine', null ]
5 verbose cache add spec jasmine
6 silly cache add parsed spec { raw: 'jasmine',
6 silly cache add   scope: null,
6 silly cache add   name: 'jasmine',
6 silly cache add   rawSpec: '',
6 silly cache add   spec: '*',
6 silly cache add   type: 'range' }
7 verbose addNamed jasmine@*
8 silly addNamed semver.valid null
9 silly addNamed semver.validRange *
10 silly addNameRange { name: 'jasmine', range: '*', hasData: false }
11 silly mapToRegistry name jasmine
12 silly mapToRegistry using default registry
13 silly mapToRegistry registry https://registry.npmjs.org/
14 silly mapToRegistry uri https://registry.npmjs.org/jasmine
15 verbose addNameRange registry:https://registry.npmjs.org/jasmine not in flight; fetching
16 verbose request uri https://registry.npmjs.org/jasmine
17 verbose request no auth needed
18 info attempt registry request try #1 at 10:05:42 AM
19 verbose request id 17c36c6968c9e7ae
20 verbose etag "CTJSE2GOUR1SDTZTKBAKCYYFX"
21 http request GET https://registry.npmjs.org/jasmine
22 http 304 https://registry.npmjs.org/jasmine
23 silly get cb [ 304,
23 silly get   { date: 'Wed, 13 May 2015 00:05:42 GMT',
23 silly get     via: '1.1 varnish',
23 silly get     'cache-control': 'max-age=60',
23 silly get     etag: '"CTJSE2GOUR1SDTZTKBAKCYYFX"',
23 silly get     age: '30',
23 silly get     connection: 'keep-alive',
23 silly get     'x-served-by': 'cache-mel6522-MEL',
23 silly get     'x-cache': 'HIT',
23 silly get     'x-cache-hits': '2',
23 silly get     'x-timer': 'S1431475542.068087,VS0,VE0',
23 silly get     vary: 'Accept' } ]
24 verbose etag https://registry.npmjs.org/jasmine from cache
25 verbose get saving jasmine to /Users/dominicwhite/.npm/registry.npmjs.org/jasmine/.cache.json
26 silly addNameRange number 2 { name: 'jasmine', range: '*', hasData: true }
27 silly addNameRange versions [ 'jasmine',
27 silly addNameRange   [ '2.0.1', '2.1.0', '2.1.1', '2.2.0', '2.2.1', '2.3.0', '2.3.1' ] ]
28 verbose addNamed jasmine@2.3.1
29 silly addNamed semver.valid 2.3.1
30 silly addNamed semver.validRange 2.3.1
31 silly cache afterAdd jasmine@2.3.1
32 verbose afterAdd /Users/dominicwhite/.npm/jasmine/2.3.1/package/package.json not in flight; writing
33 verbose afterAdd /Users/dominicwhite/.npm/jasmine/2.3.1/package/package.json written
34 silly install resolved [ { name: 'jasmine',
34 silly install resolved     description: 'Command line jasmine',
34 silly install resolved     homepage: 'http://jasmine.github.io/',
34 silly install resolved     keywords: [ 'test', 'jasmine', 'tdd', 'bdd' ],
34 silly install resolved     license: 'MIT',
34 silly install resolved     version: '2.3.1',
34 silly install resolved     repository: { type: 'git', url: 'https://github.com/jasmine/jasmine-npm' },
34 silly install resolved     scripts: { test: 'grunt && ./bin/jasmine.js' },
34 silly install resolved     dependencies: { exit: '^0.1.2', glob: '^3.2.11', 'jasmine-core': '~2.3.0' },
34 silly install resolved     bin: { jasmine: './bin/jasmine.js' },
34 silly install resolved     main: './lib/jasmine.js',
34 silly install resolved     devDependencies:
34 silly install resolved      { grunt: '^0.4.2',
34 silly install resolved        'grunt-cli': '^0.1.13',
34 silly install resolved        'grunt-contrib-jshint': '^0.11.0',
34 silly install resolved        shelljs: '^0.3.0' },
34 silly install resolved     gitHead: '12e9ba5979d18d5f208d04c23cc9061af885cebb',
34 silly install resolved     bugs: { url: 'https://github.com/jasmine/jasmine-npm/issues' },
34 silly install resolved     _id: 'jasmine@2.3.1',
34 silly install resolved     _shasum: '4b2a4923d9c0472f6f66d38a11cca0c6d6070bda',
34 silly install resolved     _from: 'jasmine@*',
34 silly install resolved     _npmVersion: '2.5.1',
34 silly install resolved     _nodeVersion: '1.4.1',
34 silly install resolved     _npmUser: { name: 'amavisca', email: 'chris.amavisca@gmail.com' },
34 silly install resolved     maintainers: [ [Object], [Object], [Object] ],
34 silly install resolved     dist:
34 silly install resolved      { shasum: '4b2a4923d9c0472f6f66d38a11cca0c6d6070bda',
34 silly install resolved        tarball: 'http://registry.npmjs.org/jasmine/-/jasmine-2.3.1.tgz' },
34 silly install resolved     directories: {},
34 silly install resolved     _resolved: 'https://registry.npmjs.org/jasmine/-/jasmine-2.3.1.tgz',
34 silly install resolved     readme: 'ERROR: No README data found!' } ]
35 info install jasmine@2.3.1 into /usr/local/lib
36 info installOne jasmine@2.3.1
37 verbose installOne of jasmine to /usr/local/lib not in flight; installing
38 warn locking Error: EACCES, open '/Users/dominicwhite/.npm/_locks/jasmine-166463d93d0f0777.lock'
38 warn locking     at Error (native)
38 warn locking  /Users/dominicwhite/.npm/_locks/jasmine-166463d93d0f0777.lock failed { [Error: EACCES, open '/Users/dominicwhite/.npm/_locks/jasmine-166463d93d0f0777.lock']
38 warn locking   errno: -13,
38 warn locking   code: 'EACCES',
38 warn locking   path: '/Users/dominicwhite/.npm/_locks/jasmine-166463d93d0f0777.lock' }
39 verbose stack Error: Attempt to unlock /usr/local/lib/node_modules/jasmine, which hasn't been locked
39 verbose stack     at unlock (/usr/local/lib/node_modules/npm/lib/utils/locker.js:66:11)
39 verbose stack     at cb (/usr/local/lib/node_modules/npm/lib/install.js:1004:5)
39 verbose stack     at /usr/local/lib/node_modules/npm/lib/install.js:1008:20
39 verbose stack     at /usr/local/lib/node_modules/npm/lib/utils/locker.js:40:9
39 verbose stack     at cb (/usr/local/lib/node_modules/npm/node_modules/lockfile/lockfile.js:149:38)
39 verbose stack     at /usr/local/lib/node_modules/npm/node_modules/lockfile/lockfile.js:177:38
39 verbose stack     at FSReqWrap.oncomplete (fs.js:95:15)
40 verbose cwd /Users/dominicwhite/wdi/class_notes/10_nodejs/tdd
41 error Darwin 14.3.0
42 error argv "node" "/usr/local/bin/npm" "install" "-g" "jasmine"
43 error node v0.12.2
44 error npm  v2.7.4
45 error Attempt to unlock /usr/local/lib/node_modules/jasmine, which hasn't been locked
46 error If you need help, you may report this error at:
46 error     <https://github.com/npm/npm/issues>
47 verbose exit [ 1, true ]
